<?xml version="1.0" encoding="UTF-8" standalone="no"?>
<!DOCTYPE log SYSTEM "logger.dtd">
<log>
<record>
  <date>2026-04-23T20:42:08.114678562Z</date>
  <millis>1776976928114</millis>
  <nanos>678562</nanos>
  <sequence>29</sequence>
  <logger>global</logger>
  <level>INFO</level>
  <class>dev.asjordi.BmxDataProcessor</class>
  <method>saveDataToFile</method>
  <thread>32</thread>
  <message>Data saved successfully</message>
</record>
<record>
  <date>2026-04-23T20:42:08.120810304Z</date>
  <millis>1776976928120</millis>
  <nanos>810304</nanos>
  <sequence>30</sequence>
  <logger>global</logger>
  <level>INFO</level>
  <class>dev.asjordi.chart.TimeSeriesChart</class>
  <method>generateChart</method>
  <thread>32</thread>
  <message>Starting chart generation</message>
</record>
<record>
  <date>2026-04-23T20:42:10.736665795Z</date>
  <millis>1776976930736</millis>
  <nanos>665795</nanos>
  <sequence>31</sequence>
  <logger>global</logger>
  <level>INFO</level>
  <class>dev.asjordi.chart.TimeSeriesChart</class>
  <method>generateChart</method>
  <thread>32</thread>
  <message>Chart generated successfully</message>
</record>
</log>
<?xml version="1.0" encoding="UTF-8" standalone="no"?>
<!DOCTYPE log SYSTEM "logger.dtd">
<log>
<record>
  <date>2026-04-24T20:34:41.406703213Z</date>
  <millis>1777062881406</millis>
  <nanos>703213</nanos>
  <sequence>0</sequence>
  <logger>global</logger>
  <level>INFO</level>
  <class>dev.asjordi.Main</class>
  <method>main</method>
  <thread>32</thread>
  <message>Starting BMX Data Processor</message>
</record>
<record>
  <date>2026-04-24T20:34:41.418000249Z</date>
  <millis>1777062881418</millis>
  <nanos>249</nanos>
  <sequence>1</sequence>
  <logger>global</logger>
  <level>INFO</level>
  <class>dev.asjordi.request.RequestManager</class>
  <method>buildApiUrl</method>
  <thread>32</thread>
  <message>Building API URL</message>
</record>
<record>
  <date>2026-04-24T20:34:41.418872120Z</date>
  <millis>1777062881418</millis>
  <nanos>872120</nanos>
  <sequence>2</sequence>
  <logger>global</logger>
  <level>INFO</level>
  <class>dev.asjordi.request.RequestManager</class>
  <method>getLastFetchDate</method>
  <thread>32</thread>
  <message>Attempting to read last fetch date</message>
</record>
<record>
  <date>2026-04-24T20:34:41.420149957Z</date>
  <millis>1777062881420</millis>
  <nanos>149957</nanos>
  <sequence>3</sequence>
  <logger>global</logger>
  <level>INFO</level>
  <class>dev.asjordi.util.FileUtils</class>
  <method>readAsSingleString</method>
  <thread>32</thread>
  <message>Attempting to read file as a single string: lastUpdate.txt</message>
</record>
<record>
  <date>2026-04-24T20:34:41.421183610Z</date>
  <millis>1777062881421</millis>
  <nanos>183610</nanos>
  <sequence>4</sequence>
  <logger>global</logger>
  <level>INFO</level>
  <class>dev.asjordi.util.FileUtils</class>
  <method>readAsSingleString</method>
  <thread>32</thread>
  <message>Successfully read file as a single string: lastUpdate.txt</message>
</record>
<record>
  <date>2026-04-24T20:34:41.423776714Z</date>
  <millis>1777062881423</millis>
  <nanos>776714</nanos>
  <sequence>5</sequence>
  <logger>global</logger>
  <level>INFO</level>
  <class>dev.asjordi.request.RequestManager</class>
  <method>getLastFetchDate</method>
  <thread>32</thread>
  <message>Last fetch date: 2026-04-23</message>
</record>
<record>
  <date>2026-04-24T20:34:41.424925291Z</date>
  <millis>1777062881424</millis>
  <nanos>925291</nanos>
  <sequence>6</sequence>
  <logger>global</logger>
  <level>INFO</level>
  <class>dev.asjordi.request.RequestManager</class>
  <method>buildApiUrl</method>
  <thread>32</thread>
  <message>API URL: https://www.banxico.org.mx/SieAPIRest/service/v1/series/SF43718/datos/2026-04-23/2026-04-24</message>
</record>
<record>
  <date>2026-04-24T20:34:41.425613641Z</date>
  <millis>1777062881425</millis>
  <nanos>613641</nanos>
  <sequence>7</sequence>
  <logger>global</logger>
  <level>INFO</level>
  <class>dev.asjordi.request.RequestManager</class>
  <method>loadEnvironmentVariables</method>
  <thread>32</thread>
  <message>Loading environment variables</message>
</record>
<record>
  <date>2026-04-24T20:34:41.426269762Z</date>
  <millis>1777062881426</millis>
  <nanos>269762</nanos>
  <sequence>8</sequence>
  <logger>global</logger>
  <level>INFO</level>
  <class>dev.asjordi.request.RequestManager</class>
  <method>loadEnvironmentVariables</method>
  <thread>32</thread>
  <message>Environment variables loaded</message>
</record>
<record>
  <date>2026-04-24T20:34:41.536131664Z</date>
  <millis>1777062881536</millis>
  <nanos>131664</nanos>
  <sequence>9</sequence>
  <logger>global</logger>
  <level>INFO</level>
  <class>dev.asjordi.DataMapper</class>
  <method>&lt;init&gt;</method>
  <thread>32</thread>
  <message>DataMapper initialized</message>
</record>
<record>
  <date>2026-04-24T20:34:41.537033231Z</date>
  <millis>1777062881537</millis>
  <nanos>33231</nanos>
  <sequence>10</sequence>
  <logger>global</logger>
  <level>INFO</level>
  <class>dev.asjordi.BmxDataProcessor</class>
  <method>&lt;init&gt;</method>
  <thread>32</thread>
  <message>BmxDataProcessor initialized</message>
</record>
<record>
  <date>2026-04-24T20:34:41.537649047Z</date>
  <millis>1777062881537</millis>
  <nanos>649047</nanos>
  <sequence>11</sequence>
  <logger>global</logger>
  <level>INFO</level>
  <class>dev.asjordi.BmxDataProcessor</class>
  <method>processData</method>
  <thread>32</thread>
  <message>Starting data processing</message>
</record>
<record>
  <date>2026-04-24T20:34:41.538296862Z</date>
  <millis>1777062881538</millis>
  <nanos>296862</nanos>
  <sequence>12</sequence>
  <logger>global</logger>
  <level>INFO</level>
  <class>dev.asjordi.DataMapper</class>
  <method>mapFileToObject</method>
  <thread>32</thread>
  <message>Mapping file to Bmx object</message>
</record>
<record>
  <date>2026-04-24T20:34:41.673970211Z</date>
  <millis>1777062881673</millis>
  <nanos>970211</nanos>
  <sequence>13</sequence>
  <logger>global</logger>
  <level>INFO</level>
  <class>dev.asjordi.DataMapper</class>
  <method>mapFileToObject</method>
  <thread>32</thread>
  <message>File mapped to Bmx object successfully</message>
</record>
<record>
  <date>2026-04-24T20:34:41.674790547Z</date>
  <millis>1777062881674</millis>
  <nanos>790547</nanos>
  <sequence>14</sequence>
  <logger>global</logger>
  <level>INFO</level>
  <class>dev.asjordi.BmxDataProcessor</class>
  <method>processData</method>
  <thread>32</thread>
  <message>Existing data found, updating data</message>
</record>
<record>
  <date>2026-04-24T20:34:41.675299093Z</date>
  <millis>1777062881675</millis>
  <nanos>299093</nanos>
  <sequence>15</sequence>
  <logger>global</logger>
  <level>INFO</level>
  <class>dev.asjordi.BmxDataProcessor</class>
  <method>updateData</method>
  <thread>32</thread>
  <message>Updating data</message>
</record>
<record>
  <date>2026-04-24T20:34:41.675779396Z</date>
  <millis>1777062881675</millis>
  <nanos>779396</nanos>
  <sequence>16</sequence>
  <logger>global</logger>
  <level>INFO</level>
  <class>dev.asjordi.request.RequestManager</class>
  <method>makeRequest</method>
  <thread>32</thread>
  <message>Starting HTTP request to BMX API</message>
</record>
<record>
  <date>2026-04-24T20:34:41.676265932Z</date>
  <millis>1777062881676</millis>
  <nanos>265932</nanos>
  <sequence>17</sequence>
  <logger>global</logger>
  <level>INFO</level>
  <class>dev.asjordi.request.RequestManager</class>
  <method>createHttpRequest</method>
  <thread>32</thread>
  <message>Building HTTP request</message>
</record>
<record>
  <date>2026-04-24T20:34:41.687436382Z</date>
  <millis>1777062881687</millis>
  <nanos>436382</nanos>
  <sequence>18</sequence>
  <logger>global</logger>
  <level>INFO</level>
  <class>dev.asjordi.request.RequestManager</class>
  <method>createHttpRequest</method>
  <thread>32</thread>
  <message>HTTP request built successfully</message>
</record>
<record>
  <date>2026-04-24T20:34:41.728600488Z</date>
  <millis>1777062881728</millis>
  <nanos>600488</nanos>
  <sequence>19</sequence>
  <logger>global</logger>
  <level>INFO</level>
  <class>dev.asjordi.request.RequestManager</class>
  <method>createHttpClient</method>
  <thread>32</thread>
  <message>HTTP client built successfully</message>
</record>
<record>
  <date>2026-04-24T20:34:42.085310112Z</date>
  <millis>1777062882085</millis>
  <nanos>310112</nanos>
  <sequence>20</sequence>
  <logger>global</logger>
  <level>INFO</level>
  <class>dev.asjordi.request.RequestManager</class>
  <method>makeRequest</method>
  <thread>32</thread>
  <message>HTTP request sent successfully</message>
</record>
<record>
  <date>2026-04-24T20:34:42.085962245Z</date>
  <millis>1777062882085</millis>
  <nanos>962245</nanos>
  <sequence>21</sequence>
  <logger>global</logger>
  <level>INFO</level>
  <class>dev.asjordi.DataMapper</class>
  <method>mapDataToObject</method>
  <thread>32</thread>
  <message>Mapping data to BmxResponse object</message>
</record>
<record>
  <date>2026-04-24T20:34:42.089892447Z</date>
  <millis>1777062882089</millis>
  <nanos>892447</nanos>
  <sequence>22</sequence>
  <logger>global</logger>
  <level>INFO</level>
  <class>dev.asjordi.DataMapper</class>
  <method>mapDataToObject</method>
  <thread>32</thread>
  <message>Data mapped to BmxResponse object successfully</message>
</record>
<record>
  <date>2026-04-24T20:34:42.093975182Z</date>
  <millis>1777062882093</millis>
  <nanos>975182</nanos>
  <sequence>23</sequence>
  <logger>global</logger>
  <level>INFO</level>
  <class>dev.asjordi.BmxDataProcessor</class>
  <method>lambda$updateData$11</method>
  <thread>32</thread>
  <message>Added new data: Dato(dato=17.4052, fecha=2026-04-24)</message>
</record>
<record>
  <date>2026-04-24T20:34:42.099637074Z</date>
  <millis>1777062882099</millis>
  <nanos>637074</nanos>
  <sequence>24</sequence>
  <logger>global</logger>
  <level>INFO</level>
  <class>dev.asjordi.util.FileUtils</class>
  <method>writeFile</method>
  <thread>32</thread>
  <message>Attempting to write to file {}lastUpdate.txt</message>
</record>
<record>
  <date>2026-04-24T20:34:42.100443925Z</date>
  <millis>1777062882100</millis>
  <nanos>443925</nanos>
  <sequence>25</sequence>
  <logger>global</logger>
  <level>INFO</level>
  <class>dev.asjordi.util.FileUtils</class>
  <method>writeFile</method>
  <thread>32</thread>
  <message>Successfully wrote to file: lastUpdate.txt</message>
</record>
<record>
  <date>2026-04-24T20:34:42.101145029Z</date>
  <millis>1777062882101</millis>
  <nanos>145029</nanos>
  <sequence>26</sequence>
  <logger>global</logger>
  <level>INFO</level>
  <class>dev.asjordi.BmxDataProcessor</class>
  <method>saveLastUpdateToFile</method>
  <thread>32</thread>
  <message>Last update: 2026-04-24</message>
</record>
<record>
  <date>2026-04-24T20:34:42.101629791Z</date>
  <millis>1777062882101</millis>
  <nanos>629791</nanos>
  <sequence>27</sequence>
  <logger>global</logger>
  <level>INFO</level>
  <class>dev.asjordi.DataMapper</class>
  <method>mapDataToFile</method>
  <thread>32</thread>
  <message>Mapping Bmx object to file</message>
</record>
<record>
  <date>2026-04-24T20:34:42.147078779Z</date>
  <millis>1777062882147</millis>
  <nanos>78779</nanos>
  <sequence>28</sequence>
  <logger>global</logger>
  <level>INFO</level>
  <class>dev.asjordi.DataMapper</class>
  <method>mapDataToFile</method>
  <thread>32</thread>
  <message>Bmx object mapped to file successfully</message>
</record>
<record>
  <date>2026-04-24T20:34:42.147819858Z</date>
  <millis>1777062882147</millis>
  <nanos>819858</nanos>
  <sequence>29</sequence>
  <logger>global</logger>
  <level>INFO</level>
  <class>dev.asjordi.BmxDataProcessor</class>
  <method>saveDataToFile</method>
  <thread>32</thread>
  <message>Data saved successfully</message>
</record>
<record>
  <date>2026-04-24T20:34:42.153495736Z</date>
  <millis>1777062882153</millis>
  <nanos>495736</nanos>
  <sequence>30</sequence>
  <logger>global</logger>
  <level>INFO</level>
  <class>dev.asjordi.chart.TimeSeriesChart</class>
  <method>generateChart</method>
  <thread>32</thread>
  <message>Starting chart generation</message>
</record>
<record>
  <date>2026-04-24T20:34:43.022244486Z</date>
  <millis>1777062883022</millis>
  <nanos>244486</nanos>
  <sequence>31</sequence>
  <logger>global</logger>
  <level>INFO</level>
  <class>dev.asjordi.chart.TimeSeriesChart</class>
  <method>generateChart</method>
  <thread>32</thread>
  <message>Chart generated successfully</message>
</record>
</log>
<?xml version="1.0" encoding="UTF-8" standalone="no"?>
<!DOCTYPE log SYSTEM "logger.dtd">
<log>
<record>
  <date>2026-04-25T20:26:58.554200926Z</date>
  <millis>1777148818554</millis>
  <nanos>200926</nanos>
  <sequence>0</sequence>
  <logger>global</logger>
  <level>INFO</level>
  <class>dev.asjordi.Main</class>
  <method>main</method>
  <thread>32</thread>
  <message>Starting BMX Data Processor</message>
</record>
<record>
  <date>2026-04-25T20:26:58.569993728Z</date>
  <millis>1777148818569</millis>
  <nanos>993728</nanos>
  <sequence>1</sequence>
  <logger>global</logger>
  <level>INFO</level>
  <class>dev.asjordi.request.RequestManager</class>
  <method>buildApiUrl</method>
  <thread>32</thread>
  <message>Building API URL</message>
</record>
<record>
  <date>2026-04-25T20:26:58.571421723Z</date>
  <millis>1777148818571</millis>
  <nanos>421723</nanos>
  <sequence>2</sequence>
  <logger>global</logger>
  <level>INFO</level>
  <class>dev.asjordi.request.RequestManager</class>
  <method>getLastFetchDate</method>
  <thread>32</thread>
  <message>Attempting to read last fetch date</message>
</record>
<record>
  <date>2026-04-25T20:26:58.573000740Z</date>
  <millis>1777148818573</millis>
  <nanos>740</nanos>
  <sequence>3</sequence>
  <logger>global</logger>
  <level>INFO</level>
  <class>dev.asjordi.util.FileUtils</class>
  <method>readAsSingleString</method>
  <thread>32</thread>
  <message>Attempting to read file as a single string: lastUpdate.txt</message>
</record>
<record>
  <date>2026-04-25T20:26:58.573862448Z</date>
  <millis>1777148818573</millis>
  <nanos>862448</nanos>
  <sequence>4</sequence>
  <logger>global</logger>
  <level>INFO</level>
  <class>dev.asjordi.util.FileUtils</class>
  <method>readAsSingleString</method>
  <thread>32</thread>
  <message>Successfully read file as a single string: lastUpdate.txt</message>
</record>
<record>
  <date>2026-04-25T20:26:58.576114981Z</date>
  <millis>1777148818576</millis>
  <nanos>114981</nanos>
  <sequence>5</sequence>
  <logger>global</logger>
  <level>INFO</level>
  <class>dev.asjordi.request.RequestManager</class>
  <method>getLastFetchDate</method>
  <thread>32</thread>
  <message>Last fetch date: 2026-04-24</message>
</record>
<record>
  <date>2026-04-25T20:26:58.576944619Z</date>
  <millis>1777148818576</millis>
  <nanos>944619</nanos>
  <sequence>6</sequence>
  <logger>global</logger>
  <level>INFO</level>
  <class>dev.asjordi.request.RequestManager</class>
  <method>buildApiUrl</method>
  <thread>32</thread>
  <message>API URL: https://www.banxico.org.mx/SieAPIRest/service/v1/series/SF43718/datos/2026-04-24/2026-04-25</message>
</record>
<record>
  <date>2026-04-25T20:26:58.577518811Z</date>
  <millis>1777148818577</millis>
  <nanos>518811</nanos>
  <sequence>7</sequence>
  <logger>global</logger>
  <level>INFO</level>
  <class>dev.asjordi.request.RequestManager</class>
  <method>loadEnvironmentVariables</method>
  <thread>32</thread>
  <message>Loading environment variables</message>
</record>
<record>
  <date>2026-04-25T20:26:58.578131194Z</date>
  <millis>1777148818578</millis>
  <nanos>131194</nanos>
  <sequence>8</sequence>
  <logger>global</logger>
  <level>INFO</level>
  <class>dev.asjordi.request.RequestManager</class>
  <method>loadEnvironmentVariables</method>
  <thread>32</thread>
  <message>Environment variables loaded</message>
</record>
<record>
  <date>2026-04-25T20:26:58.685377393Z</date>
  <millis>1777148818685</millis>
  <nanos>377393</nanos>
  <sequence>9</sequence>
  <logger>global</logger>
  <level>INFO</level>
  <class>dev.asjordi.DataMapper</class>
  <method>&lt;init&gt;</method>
  <thread>32</thread>
  <message>DataMapper initialized</message>
</record>
<record>
  <date>2026-04-25T20:26:58.686267614Z</date>
  <millis>1777148818686</millis>
  <nanos>267614</nanos>
  <sequence>10</sequence>
  <logger>global</logger>
  <level>INFO</level>
  <class>dev.asjordi.BmxDataProcessor</class>
  <method>&lt;init&gt;</method>
  <thread>32</thread>
  <message>BmxDataProcessor initialized</message>
</record>
<record>
  <date>2026-04-25T20:26:58.686885998Z</date>
  <millis>1777148818686</millis>
  <nanos>885998</nanos>
  <sequence>11</sequence>
  <logger>global</logger>
  <level>INFO</level>
  <class>dev.asjordi.BmxDataProcessor</class>
  <method>processData</method>
  <thread>32</thread>
  <message>Starting data processing</message>
</record>
<record>
  <date>2026-04-25T20:26:58.687479546Z</date>
  <millis>1777148818687</millis>
  <nanos>479546</nanos>
  <sequence>12</sequence>
  <logger>global</logger>
  <level>INFO</level>
  <class>dev.asjordi.DataMapper</class>
  <method>mapFileToObject</method>
  <thread>32</thread>
  <message>Mapping file to Bmx object</message>
</record>
<record>
  <date>2026-04-25T20:26:58.823272206Z</date>
  <millis>1777148818823</millis>
  <nanos>272206</nanos>
  <sequence>13</sequence>
  <logger>global</logger>
  <level>INFO</level>
  <class>dev.asjordi.DataMapper</class>
  <method>mapFileToObject</method>
  <thread>32</thread>
  <message>File mapped to Bmx object successfully</message>
</record>
<record>
  <date>2026-04-25T20:26:58.824105862Z</date>
  <millis>1777148818824</millis>
  <nanos>105862</nanos>
  <sequence>14</sequence>
  <logger>global</logger>
  <level>INFO</level>
  <class>dev.asjordi.BmxDataProcessor</class>
  <method>processData</method>
  <thread>32</thread>
  <message>Existing data found, updating data</message>
</record>
<record>
  <date>2026-04-25T20:26:58.824644137Z</date>
  <millis>1777148818824</millis>
  <nanos>644137</nanos>
  <sequence>15</sequence>
  <logger>global</logger>
  <level>INFO</level>
  <class>dev.asjordi.BmxDataProcessor</class>
  <method>updateData</method>
  <thread>32</thread>
  <message>Updating data</message>
</record>
<record>
  <date>2026-04-25T20:26:58.825137538Z</date>
  <millis>1777148818825</millis>
  <nanos>137538</nanos>
  <sequence>16</sequence>
  <logger>global</logger>
  <level>INFO</level>
  <class>dev.asjordi.request.RequestManager</class>
  <method>makeRequest</method>
  <thread>32</thread>
  <message>Starting HTTP request to BMX API</message>
</record>
<record>
  <date>2026-04-25T20:26:58.825620910Z</date>
  <millis>1777148818825</millis>
  <nanos>620910</nanos>
  <sequence>17</sequence>
  <logger>global</logger>
  <level>INFO</level>
  <class>dev.asjordi.request.RequestManager</class>
  <method>createHttpRequest</method>
  <thread>32</thread>
  <message>Building HTTP request</message>
</record>
<record>
  <date>2026-04-25T20:26:58.836015418Z</date>
  <millis>1777148818836</millis>
  <nanos>15418</nanos>
  <sequence>18</sequence>
  <logger>global</logger>
  <level>INFO</level>
  <class>dev.asjordi.request.RequestManager</class>
  <method>createHttpRequest</method>
  <thread>32</thread>
  <message>HTTP request built successfully</message>
</record>
<record>
  <date>2026-04-25T20:26:58.867070541Z</date>
  <millis>1777148818867</millis>
  <nanos>70541</nanos>
  <sequence>19</sequence>
  <logger>global</logger>
  <level>INFO</level>
  <class>dev.asjordi.request.RequestManager</class>
  <method>createHttpClient</method>
  <thread>32</thread>
  <message>HTTP client built successfully</message>
</record>
<record>
  <date>2026-04-25T20:26:59.195116018Z</date>
  <millis>1777148819195</millis>
  <nanos>116018</nanos>
  <sequence>20</sequence>
  <logger>global</logger>
  <level>INFO</level>
  <class>dev.asjordi.request.RequestManager</class>
  <method>makeRequest</method>
  <thread>32</thread>
  <message>HTTP request sent successfully</message>
</record>
<record>
  <date>2026-04-25T20:26:59.195789935Z</date>
  <millis>1777148819195</millis>
  <nanos>789935</nanos>
  <sequence>21</sequence>
  <logger>global</logger>
  <level>INFO</level>
  <class>dev.asjordi.DataMapper</class>
  <method>mapDataToObject</method>
  <thread>32</thread>
  <message>Mapping data to BmxResponse object</message>
</record>
<record>
  <date>2026-04-25T20:26:59.199154544Z</date>
  <millis>1777148819199</millis>
  <nanos>154544</nanos>
  <sequence>22</sequence>
  <logger>global</logger>
  <level>INFO</level>
  <class>dev.asjordi.DataMapper</class>
  <method>mapDataToObject</method>
  <thread>32</thread>
  <message>Data mapped to BmxResponse object successfully</message>
</record>
<record>
  <date>2026-04-25T20:26:59.205557543Z</date>
  <millis>1777148819205</millis>
  <nanos>557543</nanos>
  <sequence>23</sequence>
  <logger>global</logger>
  <level>INFO</level>
  <class>dev.asjordi.util.FileUtils</class>
  <method>writeFile</method>
  <thread>32</thread>
  <message>Attempting to write to file {}lastUpdate.txt</message>
</record>
<record>
  <date>2026-04-25T20:26:59.206311740Z</date>
  <millis>1777148819206</millis>
  <nanos>311740</nanos>
  <sequence>24</sequence>
  <logger>global</logger>
  <level>INFO</level>
  <class>dev.asjordi.util.FileUtils</class>
  <method>writeFile</method>
  <thread>32</thread>
  <message>Successfully wrote to file: lastUpdate.txt</message>
</record>
<record>
  <date>2026-04-25T20:26:59.207023168Z</date>
  <millis>1777148819207</millis>
  <nanos>23168</nanos>
  <sequence>25</sequence>
  <logger>global</logger>
  <level>INFO</level>
  <class>dev.asjordi.BmxDataProcessor</class>
  <method>saveLastUpdateToFile</method>
  <thread>32</thread>
  <message>Last update: 2026-04-24</message>
</record>
<record>
  <date>2026-04-25T20:26:59.207527950Z</date>
  <millis>1777148819207</millis>
  <nanos>527950</nanos>
  <sequence>26</sequence>
  <logger>global</logger>
  <level>INFO</level>
  <class>dev.asjordi.DataMapper</class>
  <method>mapDataToFile</method>
  <thread>32</thread>
  <message>Mapping Bmx object to file</message>
</record>
<record>
  <date>2026-04-25T20:26:59.254686175Z</date>
  <millis>1777148819254</millis>
  <nanos>686175</nanos>
  <sequence>27</sequence>
  <logger>global</logger>
  <level>INFO</level>
  <class>dev.asjordi.DataMapper</class>
  <method>mapDataToFile</method>
  <thread>32</thread>
  <message>Bmx object mapped to file successfully</message>
</record>
<record>
  <date>2026-04-25T20:26:59.255404194Z</date>
  <millis>1777148819255</millis>
  <nanos>404194</nanos>
  <sequence>28</sequence>
  <logger>global</logger>
  <level>INFO</level>
  <class>dev.asjordi.BmxDataProcessor</class>
  <method>saveDataToFile</method>
  <thread>32</thread>
  <message>Data saved successfully</message>
</record>
<record>
  <date>2026-04-25T20:26:59.261632708Z</date>
  <millis>1777148819261</millis>
  <nanos>632708</nanos>
  <sequence>29</sequence>
  <logger>global</logger>
  <level>INFO</level>
  <class>dev.asjordi.chart.TimeSeriesChart</class>
  <method>generateChart</method>
  <thread>32</thread>
  <message>Starting chart generation</message>
</record>
<record>
  <date>2026-04-25T20:27:00.264885330Z</date>
  <millis>1777148820264</millis>
  <nanos>885330</nanos>
  <sequence>30</sequence>
  <logger>global</logger>
  <level>INFO</level>
  <class>dev.asjordi.chart.TimeSeriesChart</class>
  <method>generateChart</method>
  <thread>32</thread>
  <message>Chart generated successfully</message>
</record>
</log>
<?xml version="1.0" encoding="UTF-8" standalone="no"?>
<!DOCTYPE log SYSTEM "logger.dtd">
<log>
<record>
  <date>2026-04-26T20:26:54.908843309Z</date>
  <millis>1777235214908</millis>
  <nanos>843309</nanos>
  <sequence>0</sequence>
  <logger>global</logger>
  <level>INFO</level>
  <class>dev.asjordi.Main</class>
  <method>main</method>
  <thread>32</thread>
  <message>Starting BMX Data Processor</message>
</record>
<record>
  <date>2026-04-26T20:26:54.923405004Z</date>
  <millis>1777235214923</millis>
  <nanos>405004</nanos>
  <sequence>1</sequence>
  <logger>global</logger>
  <level>INFO</level>
  <class>dev.asjordi.request.RequestManager</class>
  <method>buildApiUrl</method>
  <thread>32</thread>
  <message>Building API URL</message>
</record>
<record>
  <date>2026-04-26T20:26:54.923877357Z</date>
  <millis>1777235214923</millis>
  <nanos>877357</nanos>
  <sequence>2</sequence>
  <logger>global</logger>
  <level>INFO</level>
  <class>dev.asjordi.request.RequestManager</class>
  <method>getLastFetchDate</method>
  <thread>32</thread>
  <message>Attempting to read last fetch date</message>
</record>
<record>
  <date>2026-04-26T20:26:54.925004853Z</date>
  <millis>1777235214925</millis>
  <nanos>4853</nanos>
  <sequence>3</sequence>
  <logger>global</logger>
  <level>INFO</level>
  <class>dev.asjordi.util.FileUtils</class>
  <method>readAsSingleString</method>
  <thread>32</thread>
  <message>Attempting to read file as a single string: lastUpdate.txt</message>
</record>
<record>
  <date>2026-04-26T20:26:54.925992950Z</date>
  <millis>1777235214925</millis>
  <nanos>992950</nanos>
  <sequence>4</sequence>
  <logger>global</logger>
  <level>INFO</level>
  <class>dev.asjordi.util.FileUtils</class>
  <method>readAsSingleString</method>
  <thread>32</thread>
  <message>Successfully read file as a single string: lastUpdate.txt</message>
</record>
<record>
  <date>2026-04-26T20:26:54.928002975Z</date>
  <millis>1777235214928</millis>
  <nanos>2975</nanos>
  <sequence>5</sequence>
  <logger>global</logger>
  <level>INFO</level>
  <class>dev.asjordi.request.RequestManager</class>
  <method>getLastFetchDate</method>
  <thread>32</thread>
  <message>Last fetch date: 2026-04-24</message>
</record>
<record>
  <date>2026-04-26T20:26:54.928836121Z</date>
  <millis>1777235214928</millis>
  <nanos>836121</nanos>
  <sequence>6</sequence>
  <logger>global</logger>
  <level>INFO</level>
  <class>dev.asjordi.request.RequestManager</class>
  <method>buildApiUrl</method>
  <thread>32</thread>
  <message>API URL: https://www.banxico.org.mx/SieAPIRest/service/v1/series/SF43718/datos/2026-04-24/2026-04-26</message>
</record>
<record>
  <date>2026-04-26T20:26:54.929376872Z</date>
  <millis>1777235214929</millis>
  <nanos>376872</nanos>
  <sequence>7</sequence>
  <logger>global</logger>
  <level>INFO</level>
  <class>dev.asjordi.request.RequestManager</class>
  <method>loadEnvironmentVariables</method>
  <thread>32</thread>
  <message>Loading environment variables</message>
</record>
<record>
  <date>2026-04-26T20:26:54.929931808Z</date>
  <millis>1777235214929</millis>
  <nanos>931808</nanos>
  <sequence>8</sequence>
  <logger>global</logger>
  <level>INFO</level>
  <class>dev.asjordi.request.RequestManager</class>
  <method>loadEnvironmentVariables</method>
  <thread>32</thread>
  <message>Environment variables loaded</message>
</record>
<record>
  <date>2026-04-26T20:26:55.048263829Z</date>
  <millis>1777235215048</millis>
  <nanos>263829</nanos>
  <sequence>9</sequence>
  <logger>global</logger>
  <level>INFO</level>
  <class>dev.asjordi.DataMapper</class>
  <method>&lt;init&gt;</method>
  <thread>32</thread>
  <message>DataMapper initialized</message>
</record>
<record>
  <date>2026-04-26T20:26:55.049098358Z</date>
  <millis>1777235215049</millis>
  <nanos>98358</nanos>
  <sequence>10</sequence>
  <logger>global</logger>
  <level>INFO</level>
  <class>dev.asjordi.BmxDataProcessor</class>
  <method>&lt;init&gt;</method>
  <thread>32</thread>
  <message>BmxDataProcessor initialized</message>
</record>
<record>
  <date>2026-04-26T20:26:55.049776485Z</date>
  <millis>1777235215049</millis>
  <nanos>776485</nanos>
  <sequence>11</sequence>
  <logger>global</logger>
  <level>INFO</level>
  <class>dev.asjordi.BmxDataProcessor</class>
  <method>processData</method>
  <thread>32</thread>
  <message>Starting data processing</message>
</record>
<record>
  <date>2026-04-26T20:26:55.050403085Z</date>
  <millis>1777235215050</millis>
  <nanos>403085</nanos>
  <sequence>12</sequence>
  <logger>global</logger>
  <level>INFO</level>
  <class>dev.asjordi.DataMapper</class>
  <method>mapFileToObject</method>
  <thread>32</thread>
  <message>Mapping file to Bmx object</message>
</record>
<record>
  <date>2026-04-26T20:26:55.182490040Z</date>
  <millis>1777235215182</millis>
  <nanos>490040</nanos>
  <sequence>13</sequence>
  <logger>global</logger>
  <level>INFO</level>
  <class>dev.asjordi.DataMapper</class>
  <method>mapFileToObject</method>
  <thread>32</thread>
  <message>File mapped to Bmx object successfully</message>
</record>
<record>
  <date>2026-04-26T20:26:55.183256582Z</date>
  <millis>1777235215183</millis>
  <nanos>256582</nanos>
  <sequence>14</sequence>
  <logger>global</logger>
  <level>INFO</level>
  <class>dev.asjordi.BmxDataProcessor</class>
  <method>processData</method>
  <thread>32</thread>
  <message>Existing data found, updating data</message>
</record>
<record>
  <date>2026-04-26T20:26:55.183762237Z</date>
  <millis>1777235215183</millis>
  <nanos>762237</nanos>
  <sequence>15</sequence>
  <logger>global</logger>
  <level>INFO</level>
  <class>dev.asjordi.BmxDataProcessor</class>
  <method>updateData</method>
  <thread>32</thread>
  <message>Updating data</message>
</record>
<record>
  <date>2026-04-26T20:26:55.184274865Z</date>
  <millis>1777235215184</millis>
  <nanos>274865</nanos>
  <sequence>16</sequence>
  <logger>global</logger>
  <level>INFO</level>
  <class>dev.asjordi.request.RequestManager</class>
  <method>makeRequest</method>
  <thread>32</thread>
  <message>Starting HTTP request to BMX API</message>
</record>
<record>
  <date>2026-04-26T20:26:55.184773767Z</date>
  <millis>1777235215184</millis>
  <nanos>773767</nanos>
  <sequence>17</sequence>
  <logger>global</logger>
  <level>INFO</level>
  <class>dev.asjordi.request.RequestManager</class>
  <method>createHttpRequest</method>
  <thread>32</thread>
  <message>Building HTTP request</message>
</record>
<record>
  <date>2026-04-26T20:26:55.194664105Z</date>
  <millis>1777235215194</millis>
  <nanos>664105</nanos>
  <sequence>18</sequence>
  <logger>global</logger>
  <level>INFO</level>
  <class>dev.asjordi.request.RequestManager</class>
  <method>createHttpRequest</method>
  <thread>32</thread>
  <message>HTTP request built successfully</message>
</record>
<record>
  <date>2026-04-26T20:26:55.233815981Z</date>
  <millis>1777235215233</millis>
  <nanos>815981</nanos>
  <sequence>19</sequence>
  <logger>global</logger>
  <level>INFO</level>
  <class>dev.asjordi.request.RequestManager</class>
  <method>createHttpClient</method>
  <thread>32</thread>
  <message>HTTP client built successfully</message>
</record>
<record>
  <date>2026-04-26T20:26:55.742640242Z</date>
  <millis>1777235215742</millis>
  <nanos>640242</nanos>
  <sequence>20</sequence>
  <logger>global</logger>
  <level>INFO</level>
  <class>dev.asjordi.request.RequestManager</class>
  <method>makeRequest</method>
  <thread>32</thread>
  <message>HTTP request sent successfully</message>
</record>
<record>
  <date>2026-04-26T20:26:55.743192103Z</date>
  <millis>1777235215743</millis>
  <nanos>192103</nanos>
  <sequence>21</sequence>
  <logger>global</logger>
  <level>INFO</level>
  <class>dev.asjordi.DataMapper</class>
  <method>mapDataToObject</method>
  <thread>32</thread>
  <message>Mapping data to BmxResponse object</message>
</record>
<record>
  <date>2026-04-26T20:26:55.746402682Z</date>
  <millis>1777235215746</millis>
  <nanos>402682</nanos>
  <sequence>22</sequence>
  <logger>global</logger>
  <level>INFO</level>
  <class>dev.asjordi.DataMapper</class>
  <method>mapDataToObject</method>
  <thread>32</thread>
  <message>Data mapped to BmxResponse object successfully</message>
</record>
<record>
  <date>2026-04-26T20:26:55.753249143Z</date>
  <millis>1777235215753</millis>
  <nanos>249143</nanos>
  <sequence>23</sequence>
  <logger>global</logger>
  <level>INFO</level>
  <class>dev.asjordi.util.FileUtils</class>
  <method>writeFile</method>
  <thread>32</thread>
  <message>Attempting to write to file {}lastUpdate.txt</message>
</record>
<record>
  <date>2026-04-26T20:26:55.753928422Z</date>
  <millis>1777235215753</millis>
  <nanos>928422</nanos>
  <sequence>24</sequence>
  <logger>global</logger>
  <level>INFO</level>
  <class>dev.asjordi.util.FileUtils</class>
  <method>writeFile</method>
  <thread>32</thread>
  <message>Successfully wrote to file: lastUpdate.txt</message>
</record>
<record>
  <date>2026-04-26T20:26:55.754665619Z</date>
  <millis>1777235215754</millis>
  <nanos>665619</nanos>
  <sequence>25</sequence>
  <logger>global</logger>
  <level>INFO</level>
  <class>dev.asjordi.BmxDataProcessor</class>
  <method>saveLastUpdateToFile</method>
  <thread>32</thread>
  <message>Last update: 2026-04-24</message>
</record>
<record>
  <date>2026-04-26T20:26:55.755205528Z</date>
  <millis>1777235215755</millis>
  <nanos>205528</nanos>
  <sequence>26</sequence>
  <logger>global</logger>
  <level>INFO</level>
  <class>dev.asjordi.DataMapper</class>
  <method>mapDataToFile</method>
  <thread>32</thread>
  <message>Mapping Bmx object to file</message>
</record>
<record>
  <date>2026-04-26T20:26:55.796714469Z</date>
  <millis>1777235215796</millis>
  <nanos>714469</nanos>
  <sequence>27</sequence>
  <logger>global</logger>
  <level>INFO</level>
  <class>dev.asjordi.DataMapper</class>
  <method>mapDataToFile</method>
  <thread>32</thread>
  <message>Bmx object mapped to file successfully</message>
</record>
<record>
  <date>2026-04-26T20:26:55.797298911Z</date>
  <millis>1777235215797</millis>
  <nanos>298911</nanos>
  <sequence>28</sequence>
  <logger>global</logger>
  <level>INFO</level>
  <class>dev.asjordi.BmxDataProcessor</class>
  <method>saveDataToFile</method>
  <thread>32</thread>
  <message>Data saved successfully</message>
</record>
<record>
  <date>2026-04-26T20:26:55.802677279Z</date>
  <millis>1777235215802</millis>
  <nanos>677279</nanos>
  <sequence>29</sequence>
  <logger>global</logger>
  <level>INFO</level>
  <class>dev.asjordi.chart.TimeSeriesChart</class>
  <method>generateChart</method>
  <thread>32</thread>
  <message>Starting chart generation</message>
</record>
<record>
  <date>2026-04-26T20:26:56.650865791Z</date>
  <millis>1777235216650</millis>
  <nanos>865791</nanos>
  <sequence>30</sequence>
  <logger>global</logger>
  <level>INFO</level>
  <class>dev.asjordi.chart.TimeSeriesChart</class>
  <method>generateChart</method>
  <thread>32</thread>
  <message>Chart generated successfully</message>
</record>
</log>
<?xml version="1.0" encoding="UTF-8" standalone="no"?>
<!DOCTYPE log SYSTEM "logger.dtd">
<log>
<record>
  <date>2026-04-27T20:50:31.966163126Z</date>
  <millis>1777323031966</millis>
  <nanos>163126</nanos>
  <sequence>0</sequence>
  <logger>global</logger>
  <level>INFO</level>
  <class>dev.asjordi.Main</class>
  <method>main</method>
  <thread>32</thread>
  <message>Starting BMX Data Processor</message>
</record>
<record>
  <date>2026-04-27T20:50:31.975794328Z</date>
  <millis>1777323031975</millis>
  <nanos>794328</nanos>
  <sequence>1</sequence>
  <logger>global</logger>
  <level>INFO</level>
  <class>dev.asjordi.request.RequestManager</class>
  <method>buildApiUrl</method>
  <thread>32</thread>
  <message>Building API URL</message>
</record>
<record>
  <date>2026-04-27T20:50:31.976369566Z</date>
  <millis>1777323031976</millis>
  <nanos>369566</nanos>
  <sequence>2</sequence>
  <logger>global</logger>
  <level>INFO</level>
  <class>dev.asjordi.request.RequestManager</class>
  <method>getLastFetchDate</method>
  <thread>32</thread>
  <message>Attempting to read last fetch date</message>
</record>
<record>
  <date>2026-04-27T20:50:31.977300141Z</date>
  <millis>1777323031977</millis>
  <nanos>300141</nanos>
  <sequence>3</sequence>
  <logger>global</logger>
  <level>INFO</level>
  <class>dev.asjordi.util.FileUtils</class>
  <method>readAsSingleString</method>
  <thread>32</thread>
  <message>Attempting to read file as a single string: lastUpdate.txt</message>
</record>
<record>
  <date>2026-04-27T20:50:31.978018566Z</date>
  <millis>1777323031978</millis>
  <nanos>18566</nanos>
  <sequence>4</sequence>
  <logger>global</logger>
  <level>INFO</level>
  <class>dev.asjordi.util.FileUtils</class>
  <method>readAsSingleString</method>
  <thread>32</thread>
  <message>Successfully read file as a single string: lastUpdate.txt</message>
</record>
<record>
  <date>2026-04-27T20:50:31.979827888Z</date>
  <millis>1777323031979</millis>
  <nanos>827888</nanos>
  <sequence>5</sequence>
  <logger>global</logger>
  <level>INFO</level>
  <class>dev.asjordi.request.RequestManager</class>
  <method>getLastFetchDate</method>
  <thread>32</thread>
  <message>Last fetch date: 2026-04-24</message>
</record>
<record>
  <date>2026-04-27T20:50:31.980753645Z</date>
  <millis>1777323031980</millis>
  <nanos>753645</nanos>
  <sequence>6</sequence>
  <logger>global</logger>
  <level>INFO</level>
  <class>dev.asjordi.request.RequestManager</class>
  <method>buildApiUrl</method>
  <thread>32</thread>
  <message>API URL: https://www.banxico.org.mx/SieAPIRest/service/v1/series/SF43718/datos/2026-04-24/2026-04-27</message>
</record>
<record>
  <date>2026-04-27T20:50:31.981304407Z</date>
  <millis>1777323031981</millis>
  <nanos>304407</nanos>
  <sequence>7</sequence>
  <logger>global</logger>
  <level>INFO</level>
  <class>dev.asjordi.request.RequestManager</class>
  <method>loadEnvironmentVariables</method>
  <thread>32</thread>
  <message>Loading environment variables</message>
</record>
<record>
  <date>2026-04-27T20:50:31.981883801Z</date>
  <millis>1777323031981</millis>
  <nanos>883801</nanos>
  <sequence>8</sequence>
  <logger>global</logger>
  <level>INFO</level>
  <class>dev.asjordi.request.RequestManager</class>
  <method>loadEnvironmentVariables</method>
  <thread>32</thread>
  <message>Environment variables loaded</message>
</record>
<record>
  <date>2026-04-27T20:50:32.095129985Z</date>
  <millis>1777323032095</millis>
  <nanos>129985</nanos>
  <sequence>9</sequence>
  <logger>global</logger>
  <level>INFO</level>
  <class>dev.asjordi.DataMapper</class>
  <method>&lt;init&gt;</method>
  <thread>32</thread>
  <message>DataMapper initialized</message>
</record>
<record>
  <date>2026-04-27T20:50:32.095822922Z</date>
  <millis>1777323032095</millis>
  <nanos>822922</nanos>
  <sequence>10</sequence>
  <logger>global</logger>
  <level>INFO</level>
  <class>dev.asjordi.BmxDataProcessor</class>
  <method>&lt;init&gt;</method>
  <thread>32</thread>
  <message>BmxDataProcessor initialized</message>
</record>
<record>
  <date>2026-04-27T20:50:32.096464460Z</date>
  <millis>1777323032096</millis>
  <nanos>464460</nanos>
  <sequence>11</sequence>
  <logger>global</logger>
  <level>INFO</level>
  <class>dev.asjordi.BmxDataProcessor</class>
  <method>processData</method>
  <thread>32</thread>
  <message>Starting data processing</message>
</record>
<record>
  <date>2026-04-27T20:50:32.097047360Z</date>
  <millis>1777323032097</millis>
  <nanos>47360</nanos>
  <sequence>12</sequence>
  <logger>global</logger>
  <level>INFO</level>
  <class>dev.asjordi.DataMapper</class>
  <method>mapFileToObject</method>
  <thread>32</thread>
  <message>Mapping file to Bmx object</message>
</record>
<record>
  <date>2026-04-27T20:50:32.214747309Z</date>
  <millis>1777323032214</millis>
  <nanos>747309</nanos>
  <sequence>13</sequence>
  <logger>global</logger>
  <level>INFO</level>
  <class>dev.asjordi.DataMapper</class>
  <method>mapFileToObject</method>
  <thread>32</thread>
  <message>File mapped to Bmx object successfully</message>
</record>
<record>
  <date>2026-04-27T20:50:32.215458303Z</date>
  <millis>1777323032215</millis>
  <nanos>458303</nanos>
  <sequence>14</sequence>
  <logger>global</logger>
  <level>INFO</level>
  <class>dev.asjordi.BmxDataProcessor</class>
  <method>processData</method>
  <thread>32</thread>
  <message>Existing data found, updating data</message>
</record>
<record>
  <date>2026-04-27T20:50:32.216027141Z</date>
  <millis>1777323032216</millis>
  <nanos>27141</nanos>
  <sequence>15</sequence>
  <logger>global</logger>
  <level>INFO</level>
  <class>dev.asjordi.BmxDataProcessor</class>
  <method>updateData</method>
  <thread>32</thread>
  <message>Updating data</message>
</record>
<record>
  <date>2026-04-27T20:50:32.216553206Z</date>
  <millis>1777323032216</millis>
  <nanos>553206</nanos>
  <sequence>16</sequence>
  <logger>global</logger>
  <level>INFO</level>
  <class>dev.asjordi.request.RequestManager</class>
  <method>makeRequest</method>
  <thread>32</thread>
  <message>Starting HTTP request to BMX API</message>
</record>
<record>
  <date>2026-04-27T20:50:32.217119511Z</date>
  <millis>1777323032217</millis>
  <nanos>119511</nanos>
  <sequence>17</sequence>
  <logger>global</logger>
  <level>INFO</level>
  <class>dev.asjordi.request.RequestManager</class>
  <method>createHttpRequest</method>
  <thread>32</thread>
  <message>Building HTTP request</message>
</record>
<record>
  <date>2026-04-27T20:50:32.265052442Z</date>
  <millis>1777323032265</millis>
  <nanos>52442</nanos>
  <sequence>18</sequence>
  <logger>global</logger>
  <level>INFO</level>
  <class>dev.asjordi.request.RequestManager</class>
  <method>createHttpRequest</method>
  <thread>32</thread>
  <message>HTTP request built successfully</message>
</record>
<record>
  <date>2026-04-27T20:50:32.322707782Z</date>
  <millis>1777323032322</millis>
  <nanos>707782</nanos>
  <sequence>19</sequence>
  <logger>global</logger>
  <level>INFO</level>
  <class>dev.asjordi.request.RequestManager</class>
  <method>createHttpClient</method>
  <thread>32</thread>
  <message>HTTP client built successfully</message>
</record>
<record>
  <date>2026-04-27T20:50:32.784730409Z</date>
  <millis>1777323032784</millis>
  <nanos>730409</nanos>
  <sequence>20</sequence>
  <logger>global</logger>
  <level>INFO</level>
  <class>dev.asjordi.request.RequestManager</class>
  <method>makeRequest</method>
  <thread>32</thread>
  <message>HTTP request sent successfully</message>
</record>
<record>
  <date>2026-04-27T20:50:32.785410816Z</date>
  <millis>1777323032785</millis>
  <nanos>410816</nanos>
  <sequence>21</sequence>
  <logger>global</logger>
  <level>INFO</level>
  <class>dev.asjordi.DataMapper</class>
  <method>mapDataToObject</method>
  <thread>32</thread>
  <message>Mapping data to BmxResponse object</message>
</record>
<record>
  <date>2026-04-27T20:50:32.789150653Z</date>
  <millis>1777323032789</millis>
  <nanos>150653</nanos>
  <sequence>22</sequence>
  <logger>global</logger>
  <level>INFO</level>
  <class>dev.asjordi.DataMapper</class>
  <method>mapDataToObject</method>
  <thread>32</thread>
  <message>Data mapped to BmxResponse object successfully</message>
</record>
<record>
  <date>2026-04-27T20:50:32.792578088Z</date>
  <millis>1777323032792</millis>
  <nanos>578088</nanos>
  <sequence>23</sequence>
  <logger>global</logger>
  <level>INFO</level>
  <class>dev.asjordi.BmxDataProcessor</class>
  <method>lambda$updateData$11</method>
  <thread>32</thread>
  <message>Added new data: Dato(dato=17.3838, fecha=2026-04-27)</message>
</record>
<record>
  <date>2026-04-27T20:50:32.797534872Z</date>
  <millis>1777323032797</millis>
  <nanos>534872</nanos>
  <sequence>24</sequence>
  <logger>global</logger>
  <level>INFO</level>
  <class>dev.asjordi.util.FileUtils</class>
  <method>writeFile</method>
  <thread>32</thread>
  <message>Attempting to write to file {}lastUpdate.txt</message>
</record>
<record>
  <date>2026-04-27T20:50:32.798274919Z</date>
  <millis>1777323032798</millis>
  <nanos>274919</nanos>
  <sequence>25</sequence>
  <logger>global</logger>
  <level>INFO</level>
  <class>dev.asjordi.util.FileUtils</class>
  <method>writeFile</method>
  <thread>32</thread>
  <message>Successfully wrote to file: lastUpdate.txt</message>
</record>
<record>
  <date>2026-04-27T20:50:32.798869016Z</date>
  <millis>1777323032798</millis>
  <nanos>869016</nanos>
  <sequence>26</sequence>
  <logger>global</logger>
  <level>INFO</level>
  <class>dev.asjordi.BmxDataProcessor</class>
  <method>saveLastUpdateToFile</method>
  <thread>32</thread>
  <message>Last update: 2026-04-27</message>
</record>
<record>
  <date>2026-04-27T20:50:32.799337233Z</date>
  <millis>1777323032799</millis>
  <nanos>337233</nanos>
  <sequence>27</sequence>
  <logger>global</logger>
  <level>INFO</level>
  <class>dev.asjordi.DataMapper</class>
  <method>mapDataToFile</method>
  <thread>32</thread>
  <message>Mapping Bmx object to file</message>
</record>
<record>
  <date>2026-04-27T20:50:32.841480728Z</date>
  <millis>1777323032841</millis>
  <nanos>480728</nanos>
  <sequence>28</sequence>
  <logger>global</logger>
  <level>INFO</level>
  <class>dev.asjordi.DataMapper</class>
  <method>mapDataToFile</method>
  <thread>32</thread>
  <message>Bmx object mapped to file successfully</message>
</record>
<record>
  <date>2026-04-27T20:50:32.842210445Z</date>
  <millis>1777323032842</millis>
  <nanos>210445</nanos>
  <sequence>29</sequence>
  <logger>global</logger>
  <level>INFO</level>
  <class>dev.asjordi.BmxDataProcessor</class>
  <method>saveDataToFile</method>
  <thread>32</thread>
  <message>Data saved successfully</message>
</record>
<record>
  <date>2026-04-27T20:50:32.847890837Z</date>
  <millis>1777323032847</millis>
  <nanos>890837</nanos>
  <sequence>30</sequence>
  <logger>global</logger>
  <level>INFO</level>
  <class>dev.asjordi.chart.TimeSeriesChart</class>
  <method>generateChart</method>
  <thread>32</thread>
  <message>Starting chart generation</message>
</record>
<record>
  <date>2026-04-27T20:50:34.635392182Z</date>
  <millis>1777323034635</millis>
  <nanos>392182</nanos>
  <sequence>31</sequence>
  <logger>global</logger>
  <level>INFO</level>
  <class>dev.asjordi.chart.TimeSeriesChart</class>
  <method>generateChart</method>
  <thread>32</thread>
  <message>Chart generated successfully</message>
</record>
</log>
<?xml version="1.0" encoding="UTF-8" standalone="no"?>
<!DOCTYPE log SYSTEM "logger.dtd">
<log>
<record>
  <date>2026-04-28T20:57:09.783997389Z</date>
  <millis>1777409829783</millis>
  <nanos>997389</nanos>
  <sequence>0</sequence>
  <logger>global</logger>
  <level>INFO</level>
  <class>dev.asjordi.Main</class>
  <method>main</method>
  <thread>32</thread>
  <message>Starting BMX Data Processor</message>
</record>
<record>
  <date>2026-04-28T20:57:09.794705257Z</date>
  <millis>1777409829794</millis>
  <nanos>705257</nanos>
  <sequence>1</sequence>
  <logger>global</logger>
  <level>INFO</level>
  <class>dev.asjordi.request.RequestManager</class>
  <method>buildApiUrl</method>
  <thread>32</thread>
  <message>Building API URL</message>
</record>
<record>
  <date>2026-04-28T20:57:09.795396548Z</date>
  <millis>1777409829795</millis>
  <nanos>396548</nanos>
  <sequence>2</sequence>
  <logger>global</logger>
  <level>INFO</level>
  <class>dev.asjordi.request.RequestManager</class>
  <method>getLastFetchDate</method>
  <thread>32</thread>
  <message>Attempting to read last fetch date</message>
</record>
<record>
  <date>2026-04-28T20:57:09.796673728Z</date>
  <millis>1777409829796</millis>
  <nanos>673728</nanos>
  <sequence>3</sequence>
  <logger>global</logger>
  <level>INFO</level>
  <class>dev.asjordi.util.FileUtils</class>
  <method>readAsSingleString</method>
  <thread>32</thread>
  <message>Attempting to read file as a single string: lastUpdate.txt</message>
</record>
<record>
  <date>2026-04-28T20:57:09.797620287Z</date>
  <millis>1777409829797</millis>
  <nanos>620287</nanos>
  <sequence>4</sequence>
  <logger>global</logger>
  <level>INFO</level>
  <class>dev.asjordi.util.FileUtils</class>
  <method>readAsSingleString</method>
  <thread>32</thread>
  <message>Successfully read file as a single string: lastUpdate.txt</message>
</record>
<record>
  <date>2026-04-28T20:57:09.800135450Z</date>
  <millis>1777409829800</millis>
  <nanos>135450</nanos>
  <sequence>5</sequence>
  <logger>global</logger>
  <level>INFO</level>
  <class>dev.asjordi.request.RequestManager</class>
  <method>getLastFetchDate</method>
  <thread>32</thread>
  <message>Last fetch date: 2026-04-27</message>
</record>
<record>
  <date>2026-04-28T20:57:09.801145637Z</date>
  <millis>1777409829801</millis>
  <nanos>145637</nanos>
  <sequence>6</sequence>
  <logger>global</logger>
  <level>INFO</level>
  <class>dev.asjordi.request.RequestManager</class>
  <method>buildApiUrl</method>
  <thread>32</thread>
  <message>API URL: https://www.banxico.org.mx/SieAPIRest/service/v1/series/SF43718/datos/2026-04-27/2026-04-28</message>
</record>
<record>
  <date>2026-04-28T20:57:09.801847505Z</date>
  <millis>1777409829801</millis>
  <nanos>847505</nanos>
  <sequence>7</sequence>
  <logger>global</logger>
  <level>INFO</level>
  <class>dev.asjordi.request.RequestManager</class>
  <method>loadEnvironmentVariables</method>
  <thread>32</thread>
  <message>Loading environment variables</message>
</record>
<record>
  <date>2026-04-28T20:57:09.802402655Z</date>
  <millis>1777409829802</millis>
  <nanos>402655</nanos>
  <sequence>8</sequence>
  <logger>global</logger>
  <level>INFO</level>
  <class>dev.asjordi.request.RequestManager</class>
  <method>loadEnvironmentVariables</method>
  <thread>32</thread>
  <message>Environment variables loaded</message>
</record>
<record>
  <date>2026-04-28T20:57:09.913459498Z</date>
  <millis>1777409829913</millis>
  <nanos>459498</nanos>
  <sequence>9</sequence>
  <logger>global</logger>
  <level>INFO</level>
  <class>dev.asjordi.DataMapper</class>
  <method>&lt;init&gt;</method>
  <thread>32</thread>
  <message>DataMapper initialized</message>
</record>
<record>
  <date>2026-04-28T20:57:09.914376408Z</date>
  <millis>1777409829914</millis>
  <nanos>376408</nanos>
  <sequence>10</sequence>
  <logger>global</logger>
  <level>INFO</level>
  <class>dev.asjordi.BmxDataProcessor</class>
  <method>&lt;init&gt;</method>
  <thread>32</thread>
  <message>BmxDataProcessor initialized</message>
</record>
<record>
  <date>2026-04-28T20:57:09.914993224Z</date>
  <millis>1777409829914</millis>
  <nanos>993224</nanos>
  <sequence>11</sequence>
  <logger>global</logger>
  <level>INFO</level>
  <class>dev.asjordi.BmxDataProcessor</class>
  <method>processData</method>
  <thread>32</thread>
  <message>Starting data processing</message>
</record>
<record>
  <date>2026-04-28T20:57:09.915572224Z</date>
  <millis>1777409829915</millis>
  <nanos>572224</nanos>
  <sequence>12</sequence>
  <logger>global</logger>
  <level>INFO</level>
  <class>dev.asjordi.DataMapper</class>
  <method>mapFileToObject</method>
  <thread>32</thread>
  <message>Mapping file to Bmx object</message>
</record>
<record>
  <date>2026-04-28T20:57:10.059684317Z</date>
  <millis>1777409830059</millis>
  <nanos>684317</nanos>
  <sequence>13</sequence>
  <logger>global</logger>
  <level>INFO</level>
  <class>dev.asjordi.DataMapper</class>
  <method>mapFileToObject</method>
  <thread>32</thread>
  <message>File mapped to Bmx object successfully</message>
</record>
<record>
  <date>2026-04-28T20:57:10.060564657Z</date>
  <millis>1777409830060</millis>
  <nanos>564657</nanos>
  <sequence>14</sequence>
  <logger>global</logger>
  <level>INFO</level>
  <class>dev.asjordi.BmxDataProcessor</class>
  <method>processData</method>
  <thread>32</thread>
  <message>Existing data found, updating data</message>
</record>
<record>
  <date>2026-04-28T20:57:10.061143319Z</date>
  <millis>1777409830061</millis>
  <nanos>143319</nanos>
  <sequence>15</sequence>
  <logger>global</logger>
  <level>INFO</level>
  <class>dev.asjordi.BmxDataProcessor</class>
  <method>updateData</method>
  <thread>32</thread>
  <message>Updating data</message>
</record>
<record>
  <date>2026-04-28T20:57:10.061655128Z</date>
  <millis>1777409830061</millis>
  <nanos>655128</nanos>
  <sequence>16</sequence>
  <logger>global</logger>
  <level>INFO</level>
  <class>dev.asjordi.request.RequestManager</class>
  <method>makeRequest</method>
  <thread>32</thread>
  <message>Starting HTTP request to BMX API</message>
</record>
<record>
  <date>2026-04-28T20:57:10.062206799Z</date>
  <millis>1777409830062</millis>
  <nanos>206799</nanos>
  <sequence>17</sequence>
  <logger>global</logger>
  <level>INFO</level>
  <class>dev.asjordi.request.RequestManager</class>
  <method>createHttpRequest</method>
  <thread>32</thread>
  <message>Building HTTP request</message>
</record>
<record>
  <date>2026-04-28T20:57:10.072562375Z</date>
  <millis>1777409830072</millis>
  <nanos>562375</nanos>
  <sequence>18</sequence>
  <logger>global</logger>
  <level>INFO</level>
  <class>dev.asjordi.request.RequestManager</class>
  <method>createHttpRequest</method>
  <thread>32</thread>
  <message>HTTP request built successfully</message>
</record>
<record>
  <date>2026-04-28T20:57:10.108535835Z</date>
  <millis>1777409830108</millis>
  <nanos>535835</nanos>
  <sequence>19</sequence>
  <logger>global</logger>
  <level>INFO</level>
  <class>dev.asjordi.request.RequestManager</class>
  <method>createHttpClient</method>
  <thread>32</thread>
  <message>HTTP client built successfully</message>
</record>
<record>
  <date>2026-04-28T20:57:10.543533498Z</date>
  <millis>1777409830543</millis>
  <nanos>533498</nanos>
  <sequence>20</sequence>
  <logger>global</logger>
  <level>INFO</level>
  <class>dev.asjordi.request.RequestManager</class>
  <method>makeRequest</method>
  <thread>32</thread>
  <message>HTTP request sent successfully</message>
</record>
<record>
  <date>2026-04-28T20:57:10.544090444Z</date>
  <millis>1777409830544</millis>
  <nanos>90444</nanos>
  <sequence>21</sequence>
  <logger>global</logger>
  <level>INFO</level>
  <class>dev.asjordi.DataMapper</class>
  <method>mapDataToObject</method>
  <thread>32</thread>
  <message>Mapping data to BmxResponse object</message>
</record>
<record>
  <date>2026-04-28T20:57:10.547110254Z</date>
  <millis>1777409830547</millis>
  <nanos>110254</nanos>
  <sequence>22</sequence>
  <logger>global</logger>
  <level>INFO</level>
  <class>dev.asjordi.DataMapper</class>
  <method>mapDataToObject</method>
  <thread>32</thread>
  <message>Data mapped to BmxResponse object successfully</message>
</record>
<record>
  <date>2026-04-28T20:57:10.550294248Z</date>
  <millis>1777409830550</millis>
  <nanos>294248</nanos>
  <sequence>23</sequence>
  <logger>global</logger>
  <level>INFO</level>
  <class>dev.asjordi.BmxDataProcessor</class>
  <method>lambda$updateData$11</method>
  <thread>32</thread>
  <message>Added new data: Dato(dato=17.4030, fecha=2026-04-28)</message>
</record>
<record>
  <date>2026-04-28T20:57:10.555487076Z</date>
  <millis>1777409830555</millis>
  <nanos>487076</nanos>
  <sequence>24</sequence>
  <logger>global</logger>
  <level>INFO</level>
  <class>dev.asjordi.util.FileUtils</class>
  <method>writeFile</method>
  <thread>32</thread>
  <message>Attempting to write to file {}lastUpdate.txt</message>
</record>
<record>
  <date>2026-04-28T20:57:10.556100478Z</date>
  <millis>1777409830556</millis>
  <nanos>100478</nanos>
  <sequence>25</sequence>
  <logger>global</logger>
  <level>INFO</level>
  <class>dev.asjordi.util.FileUtils</class>
  <method>writeFile</method>
  <thread>32</thread>
  <message>Successfully wrote to file: lastUpdate.txt</message>
</record>
<record>
  <date>2026-04-28T20:57:10.557836603Z</date>
  <millis>1777409830557</millis>
  <nanos>836603</nanos>
  <sequence>26</sequence>
  <logger>global</logger>
  <level>INFO</level>
  <class>dev.asjordi.BmxDataProcessor</class>
  <method>saveLastUpdateToFile</method>
  <thread>32</thread>
  <message>Last update: 2026-04-28</message>
</record>
<record>
  <date>2026-04-28T20:57:10.558308063Z</date>
  <millis>1777409830558</millis>
  <nanos>308063</nanos>
  <sequence>27</sequence>
  <logger>global</logger>
  <level>INFO</level>
  <class>dev.asjordi.DataMapper</class>
  <method>mapDataToFile</method>
  <thread>32</thread>
  <message>Mapping Bmx object to file</message>
</record>
<record>
  <date>2026-04-28T20:57:10.596687909Z</date>
  <millis>1777409830596</millis>
  <nanos>687909</nanos>
  <sequence>28</sequence>
  <logger>global</logger>
  <level>INFO</level>
  <class>dev.asjordi.DataMapper</class>
  <method>mapDataToFile</method>
  <thread>32</thread>
  <message>Bmx object mapped to file successfully</message>
</record>
<record>
  <date>2026-04-28T20:57:10.597211014Z</date>
  <millis>1777409830597</millis>
  <nanos>211014</nanos>
  <sequence>29</sequence>
  <logger>global</logger>
  <level>INFO</level>
  <class>dev.asjordi.BmxDataProcessor</class>
  <method>saveDataToFile</method>
  <thread>32</thread>
  <message>Data saved successfully</message>
</record>
<record>
  <date>2026-04-28T20:57:10.603317635Z</date>
  <millis>1777409830603</millis>
  <nanos>317635</nanos>
  <sequence>30</sequence>
  <logger>global</logger>
  <level>INFO</level>
  <class>dev.asjordi.chart.TimeSeriesChart</class>
  <method>generateChart</method>
  <thread>32</thread>
  <message>Starting chart generation</message>
</record>
<record>
  <date>2026-04-28T20:57:12.848399701Z</date>
  <millis>1777409832848</millis>
  <nanos>399701</nanos>
  <sequence>31</sequence>
  <logger>global</logger>
  <level>INFO</level>
  <class>dev.asjordi.chart.TimeSeriesChart</class>
  <method>generateChart</method>
  <thread>32</thread>
  <message>Chart generated successfully</message>
</record>
</log>
